2025-04-30 13:37:03,833 - INFO - Запуск скрипта для сбора данных об облигациях
2025-04-30 13:37:03,834 - INFO - ====== WebDriver manager ======
2025-04-30 13:37:04,474 - INFO - Get LATEST chromedriver version for google-chrome
2025-04-30 13:37:04,717 - INFO - Get LATEST chromedriver version for google-chrome
2025-04-30 13:37:04,951 - INFO - Driver [C:\Users\Dexter\.wdm\drivers\chromedriver\win64\135.0.7049.114\chromedriver-win32/chromedriver.exe] found in cache
2025-04-30 13:37:06,019 - INFO - Драйвер Chrome успешно инициализирован
2025-04-30 13:37:06,019 - INFO - Начало сбора данных со страницы 0
2025-04-30 13:37:06,584 - INFO - Загрузка страницы 0
2025-04-30 13:37:11,628 - INFO - Найдено таблиц на странице: 12
2025-04-30 13:37:11,628 - INFO - Таблица 1 заголовки: []
2025-04-30 13:37:11,629 - INFO - Таблица 2 заголовки: ['№', 'Выпуск', 'СтатусПлан--Решен--РегистрОбрПогПриостРестрАннулОтменДефолт', 'Размещение', 'Погашение', 'Объем\xa0(млн)', 'ВалютаRUR~RURUSDEURDMITLGBPCHFJPYSGDCNYAUDTRYCZK', 'Дата выплаты']
2025-04-30 13:37:11,629 - INFO - Найдена таблица с облигациями (таблица 2)
2025-04-30 13:37:11,629 - INFO - Сформирована ссылка для облигации Статус:в обращенииРазмещениеот:1 Янв 2025Купонот10%до100%Погашение:от:30 Апр 2027Валюта:RURНайдено выпусков: 97Сбросить параметры поиска: https://bonds.finam.ru/issue/info/default.asp
2025-04-30 13:37:11,630 - WARNING - Не удалось распарсить даты для облигации Статус:в обращенииРазмещениеот:1 Янв 2025Купонот10%до100%Погашение:от:30 Апр 2027Валюта:RURНайдено выпусков: 97Сбросить параметры поиска: time data '' does not match format '%d.%m.%Y'
2025-04-30 13:37:11,630 - WARNING - Не найдена ссылка для облигации 
2025-04-30 13:37:11,631 - WARNING - Не удалось распарсить даты для облигации : time data '' does not match format '%d.%m.%Y'
2025-04-30 13:37:11,631 - WARNING - Не найдена ссылка для облигации 
2025-04-30 13:37:11,631 - WARNING - Не удалось распарсить даты для облигации : time data 'Статус:в обращенииРазмещениеот:1\xa0Янв\xa02025Купонот10%до100%Погашение:от:30\xa0Апр\xa02027Валюта:RUR' does not match format '%d.%m.%Y'
2025-04-30 13:37:11,632 - INFO - Сформирована ссылка для облигации Сибирский КХП-001P-03: https://bonds.finam.ru/issue/details040C2/default.asp
2025-04-30 13:37:11,632 - INFO - Обработана облигация: Сибирский КХП-001P-03
2025-04-30 13:37:11,632 - INFO - Сформирована ссылка для облигации Первое клиентское бюро-001Р-07: https://bonds.finam.ru/issue/details0408B/default.asp
2025-04-30 13:37:11,633 - INFO - Обработана облигация: Первое клиентское бюро-001Р-07
2025-04-30 13:37:11,633 - INFO - Сформирована ссылка для облигации МТС-002Р-10: https://bonds.finam.ru/issue/details040B5/default.asp
2025-04-30 13:37:11,633 - INFO - Обработана облигация: МТС-002Р-10
2025-04-30 13:37:11,634 - INFO - Сформирована ссылка для облигации АЛЬФА-БАНК-T2-CR-03: https://bonds.finam.ru/issue/details040B8/default.asp
2025-04-30 13:37:11,634 - INFO - Обработана облигация: АЛЬФА-БАНК-T2-CR-03
2025-04-30 13:37:11,634 - INFO - Сформирована ссылка для облигации С-Принт-БО-01: https://bonds.finam.ru/issue/details040AC/default.asp
2025-04-30 13:37:11,634 - INFO - Обработана облигация: С-Принт-БО-01
2025-04-30 13:37:11,634 - INFO - Сформирована ссылка для облигации РЖД-001P-42R: https://bonds.finam.ru/issue/details040A2/default.asp
2025-04-30 13:37:11,635 - INFO - Обработана облигация: РЖД-001P-42R
2025-04-30 13:37:11,635 - INFO - Сформирована ссылка для облигации МФК Мани Мен-БО-02-01: https://bonds.finam.ru/issue/details04095/default.asp
2025-04-30 13:37:11,635 - INFO - Обработана облигация: МФК Мани Мен-БО-02-01
2025-04-30 13:37:11,635 - INFO - Сформирована ссылка для облигации ГПБ Финанс-001Р-03Р: https://bonds.finam.ru/issue/details040B2/default.asp
2025-04-30 13:37:11,636 - INFO - Обработана облигация: ГПБ Финанс-001Р-03Р
2025-04-30 13:37:11,636 - INFO - Сформирована ссылка для облигации ГК Самолет-БО-П16: https://bonds.finam.ru/issue/details040A0/default.asp
2025-04-30 13:37:11,636 - INFO - Обработана облигация: ГК Самолет-БО-П16
2025-04-30 13:37:11,636 - INFO - Сформирована ссылка для облигации Банк ПСБ-003Р-13: https://bonds.finam.ru/issue/details040A6/default.asp
2025-04-30 13:37:11,637 - INFO - Обработана облигация: Банк ПСБ-003Р-13
2025-04-30 13:37:11,637 - INFO - Сформирована ссылка для облигации Атомэнергопром-001Р-05: https://bonds.finam.ru/issue/details0407A/default.asp
2025-04-30 13:37:11,637 - INFO - Обработана облигация: Атомэнергопром-001Р-05
2025-04-30 13:37:11,637 - INFO - Сформирована ссылка для облигации ХК Новотранс-001Р-06: https://bonds.finam.ru/issue/details0404C/default.asp
2025-04-30 13:37:11,638 - INFO - Обработана облигация: ХК Новотранс-001Р-06
2025-04-30 13:37:11,638 - INFO - Сформирована ссылка для облигации ТЕХНО Лизинг-001Р-07: https://bonds.finam.ru/issue/details04053/default.asp
2025-04-30 13:37:11,638 - INFO - Обработана облигация: ТЕХНО Лизинг-001Р-07
2025-04-30 13:37:11,638 - INFO - Сформирована ссылка для облигации АйДи Коллект-001Р-03: https://bonds.finam.ru/issue/details0408E/default.asp
2025-04-30 13:37:11,639 - INFO - Обработана облигация: АйДи Коллект-001Р-03
2025-04-30 13:37:11,639 - INFO - Сформирована ссылка для облигации Роял Капитал-БО-02: https://bonds.finam.ru/issue/details0405A/default.asp
2025-04-30 13:37:11,639 - INFO - Обработана облигация: Роял Капитал-БО-02
2025-04-30 13:37:11,639 - INFO - Сформирована ссылка для облигации ГЛОРАКС-001P-04: https://bonds.finam.ru/issue/details0402E/default.asp
2025-04-30 13:37:11,639 - INFO - Обработана облигация: ГЛОРАКС-001P-04
2025-04-30 13:37:11,640 - INFO - Сформирована ссылка для облигации Селигдар-001Р-03: https://bonds.finam.ru/issue/details0402F/default.asp
2025-04-30 13:37:11,640 - INFO - Обработана облигация: Селигдар-001Р-03
2025-04-30 13:37:11,640 - INFO - Сформирована ссылка для облигации ЕнисейАгроСоюз-001Р-02: https://bonds.finam.ru/issue/details04082/default.asp
2025-04-30 13:37:11,641 - INFO - Обработана облигация: ЕнисейАгроСоюз-001Р-02
2025-04-30 13:37:11,641 - INFO - Сформирована ссылка для облигации Сэтл Групп-002Р-04: https://bonds.finam.ru/issue/details04033/default.asp
2025-04-30 13:37:11,641 - INFO - Обработана облигация: Сэтл Групп-002Р-04
2025-04-30 13:37:11,641 - INFO - Сформирована ссылка для облигации ИНАРКТИКА-002Р-02: https://bonds.finam.ru/issue/details04048/default.asp
2025-04-30 13:37:11,642 - INFO - Обработана облигация: ИНАРКТИКА-002Р-02
2025-04-30 13:37:11,642 - INFO - Сформирована ссылка для облигации Лайм-Займ-001P-04: https://bonds.finam.ru/issue/details0404B/default.asp
2025-04-30 13:37:11,642 - INFO - Обработана облигация: Лайм-Займ-001P-04
2025-04-30 13:37:11,642 - INFO - Сформирована ссылка для облигации Р-Вижн-001P-02: https://bonds.finam.ru/issue/details04041/default.asp
2025-04-30 13:37:11,643 - INFO - Обработана облигация: Р-Вижн-001P-02
2025-04-30 13:37:11,643 - INFO - Сформирована ссылка для облигации СФО ТБ-3-А: https://bonds.finam.ru/issue/details04046/default.asp
2025-04-30 13:37:11,643 - INFO - Обработана облигация: СФО ТБ-3-А
2025-04-30 13:37:11,644 - INFO - Сформирована ссылка для облигации Служба защиты активов-БО-02: https://bonds.finam.ru/issue/details03FCA/default.asp
2025-04-30 13:37:11,644 - INFO - Обработана облигация: Служба защиты активов-БО-02
2025-04-30 13:37:11,644 - INFO - Сформирована ссылка для облигации БиоВитрум-001Р-01: https://bonds.finam.ru/issue/details04043/default.asp
2025-04-30 13:37:11,644 - INFO - Обработана облигация: БиоВитрум-001Р-01
2025-04-30 13:37:11,645 - INFO - Сформирована ссылка для облигации Аптечная сеть 36,6-002P-02: https://bonds.finam.ru/issue/details0401D/default.asp
2025-04-30 13:37:11,645 - INFO - Обработана облигация: Аптечная сеть 36,6-002P-02
2025-04-30 13:37:11,645 - INFO - Сформирована ссылка для облигации Центр-резерв-БО-04: https://bonds.finam.ru/issue/details0404A/default.asp
2025-04-30 13:37:11,645 - INFO - Обработана облигация: Центр-резерв-БО-04
2025-04-30 13:37:11,646 - INFO - Сформирована ссылка для облигации СФО ГПБ-СПК-А1: https://bonds.finam.ru/issue/details03EFB/default.asp
2025-04-30 13:37:11,646 - INFO - Обработана облигация: СФО ГПБ-СПК-А1
2025-04-30 13:37:11,646 - INFO - Сформирована ссылка для облигации СибАвтоТранс-001P-05: https://bonds.finam.ru/issue/details0403A/default.asp
2025-04-30 13:37:11,646 - INFO - Обработана облигация: СибАвтоТранс-001P-05
2025-04-30 13:37:11,646 - INFO - Сформирована ссылка для облигации ТЕХНОЛОГИЯ-БО-02: https://bonds.finam.ru/issue/details03FD2/default.asp
2025-04-30 13:37:11,647 - INFO - Обработана облигация: ТЕХНОЛОГИЯ-БО-02
2025-04-30 13:37:11,647 - INFO - На странице 0 найдено 30 облигаций
2025-04-30 13:37:11,647 - INFO - Обработана страница 0, найдено 30 облигаций
2025-04-30 13:37:11,647 - INFO - Начало сбора данных со страницы 1
2025-04-30 13:37:11,899 - INFO - Загрузка страницы 1
2025-04-30 13:37:16,937 - INFO - Найдено таблиц на странице: 12
2025-04-30 13:37:16,938 - INFO - Таблица 1 заголовки: []
2025-04-30 13:37:16,938 - INFO - Таблица 2 заголовки: ['№', 'Выпуск', 'СтатусПлан--Решен--РегистрОбрПогПриостРестрАннулОтменДефолт', 'Размещение', 'Погашение', 'Объем\xa0(млн)', 'ВалютаRUR~RURUSDEURDMITLGBPCHFJPYSGDCNYAUDTRYCZK', 'Дата выплаты']
2025-04-30 13:37:16,938 - INFO - Найдена таблица с облигациями (таблица 2)
2025-04-30 13:37:16,939 - INFO - Сформирована ссылка для облигации Статус:в обращенииРазмещениеот:1 Янв 2025Купонот10%до100%Погашение:от:30 Апр 2027Валюта:RURНайдено выпусков: 97Сбросить параметры поиска: https://bonds.finam.ru/issue/info/default.asp
2025-04-30 13:37:16,939 - WARNING - Не удалось распарсить даты для облигации Статус:в обращенииРазмещениеот:1 Янв 2025Купонот10%до100%Погашение:от:30 Апр 2027Валюта:RURНайдено выпусков: 97Сбросить параметры поиска: time data '' does not match format '%d.%m.%Y'
2025-04-30 13:37:16,940 - WARNING - Не найдена ссылка для облигации 
2025-04-30 13:37:16,940 - WARNING - Не удалось распарсить даты для облигации : time data '' does not match format '%d.%m.%Y'
2025-04-30 13:37:16,940 - WARNING - Не найдена ссылка для облигации 
2025-04-30 13:37:16,941 - WARNING - Не удалось распарсить даты для облигации : time data 'Статус:в обращенииРазмещениеот:1\xa0Янв\xa02025Купонот10%до100%Погашение:от:30\xa0Апр\xa02027Валюта:RUR' does not match format '%d.%m.%Y'
2025-04-30 13:37:16,941 - INFO - Сформирована ссылка для облигации МСБ-Лизинг-003Р-04: https://bonds.finam.ru/issue/details03FE1/default.asp
2025-04-30 13:37:16,941 - INFO - Обработана облигация: МСБ-Лизинг-003Р-04
2025-04-30 13:37:16,942 - INFO - Сформирована ссылка для облигации ТАЛК лизинг-002P-01: https://bonds.finam.ru/issue/details04034/default.asp
2025-04-30 13:37:16,942 - INFO - Обработана облигация: ТАЛК лизинг-002P-01
2025-04-30 13:37:16,942 - INFO - Сформирована ссылка для облигации РСГ-Финанс-001Р-02: https://bonds.finam.ru/issue/details0402D/default.asp
2025-04-30 13:37:16,942 - INFO - Обработана облигация: РСГ-Финанс-001Р-02
2025-04-30 13:37:16,943 - INFO - Сформирована ссылка для облигации Бианка Премиум-БО-02: https://bonds.finam.ru/issue/details03FC2/default.asp
2025-04-30 13:37:16,943 - INFO - Обработана облигация: Бианка Премиум-БО-02
2025-04-30 13:37:16,943 - INFO - Сформирована ссылка для облигации Пионер-Лизинг-03: https://bonds.finam.ru/issue/details03F97/default.asp
2025-04-30 13:37:16,943 - INFO - Обработана облигация: Пионер-Лизинг-03
2025-04-30 13:37:16,944 - INFO - Сформирована ссылка для облигации ИКС 5 ФИНАНС-003Р-11: https://bonds.finam.ru/issue/details03F67/default.asp
2025-04-30 13:37:16,944 - INFO - Обработана облигация: ИКС 5 ФИНАНС-003Р-11
2025-04-30 13:37:16,944 - INFO - Сформирована ссылка для облигации Интернешнл Петролиум Сервис-БО-01: https://bonds.finam.ru/issue/details0402A/default.asp
2025-04-30 13:37:16,945 - INFO - Обработана облигация: Интернешнл Петролиум Сервис-БО-01
2025-04-30 13:37:16,945 - INFO - Сформирована ссылка для облигации ДЕВАР ПЕТРО-001Р-01: https://bonds.finam.ru/issue/details0400C/default.asp
2025-04-30 13:37:16,945 - INFO - Обработана облигация: ДЕВАР ПЕТРО-001Р-01
2025-04-30 13:37:16,945 - INFO - Сформирована ссылка для облигации Биннофарм Групп-001Р-05: https://bonds.finam.ru/issue/details03FF9/default.asp
2025-04-30 13:37:16,946 - INFO - Обработана облигация: Биннофарм Групп-001Р-05
2025-04-30 13:37:16,946 - INFO - Сформирована ссылка для облигации РЖД-001P-41R: https://bonds.finam.ru/issue/details04008/default.asp
2025-04-30 13:37:16,946 - INFO - Обработана облигация: РЖД-001P-41R
2025-04-30 13:37:16,946 - INFO - Сформирована ссылка для облигации Новосибирскавтодор-БО-03: https://bonds.finam.ru/issue/details03F68/default.asp
2025-04-30 13:37:16,947 - INFO - Обработана облигация: Новосибирскавтодор-БО-03
2025-04-30 13:37:16,947 - INFO - Сформирована ссылка для облигации Интерлизинг-001P-11: https://bonds.finam.ru/issue/details03F99/default.asp
2025-04-30 13:37:16,947 - INFO - Обработана облигация: Интерлизинг-001P-11
2025-04-30 13:37:16,947 - INFO - Сформирована ссылка для облигации Брусника. Строительство и девелопмент-002Р-05: https://bonds.finam.ru/issue/details03FC8/default.asp
2025-04-30 13:37:16,948 - INFO - Обработана облигация: Брусника. Строительство и девелопмент-002Р-05
2025-04-30 13:37:16,948 - INFO - Сформирована ссылка для облигации Глобал Факторинг Нетворк Рус-БО-07-001P: https://bonds.finam.ru/issue/details0401C/default.asp
2025-04-30 13:37:16,948 - INFO - Обработана облигация: Глобал Факторинг Нетворк Рус-БО-07-001P
2025-04-30 13:37:16,948 - INFO - Сформирована ссылка для облигации Эффективные технологии-001Р-02: https://bonds.finam.ru/issue/details03FE4/default.asp
2025-04-30 13:37:16,949 - INFO - Обработана облигация: Эффективные технологии-001Р-02
2025-04-30 13:37:16,949 - INFO - Сформирована ссылка для облигации РСГ-Финанс-001Р-01: https://bonds.finam.ru/issue/details04016/default.asp
2025-04-30 13:37:16,949 - INFO - Обработана облигация: РСГ-Финанс-001Р-01
2025-04-30 13:37:16,950 - INFO - Сформирована ссылка для облигации Вкусно-001П-02: https://bonds.finam.ru/issue/details04012/default.asp
2025-04-30 13:37:16,950 - INFO - Обработана облигация: Вкусно-001П-02
2025-04-30 13:37:16,950 - INFO - Сформирована ссылка для облигации Баррель-БО-01: https://bonds.finam.ru/issue/details03EC0/default.asp
2025-04-30 13:37:16,950 - INFO - Обработана облигация: Баррель-БО-01
2025-04-30 13:37:16,951 - INFO - Сформирована ссылка для облигации АйДи Коллект-001Р-01: https://bonds.finam.ru/issue/details03CE4/default.asp
2025-04-30 13:37:16,951 - INFO - Обработана облигация: АйДи Коллект-001Р-01
2025-04-30 13:37:16,951 - INFO - Сформирована ссылка для облигации Роделен-002P-03: https://bonds.finam.ru/issue/details03FB3/default.asp
2025-04-30 13:37:16,951 - INFO - Обработана облигация: Роделен-002P-03
2025-04-30 13:37:16,952 - INFO - Сформирована ссылка для облигации ПАТРИОТ ГРУПП-001Р-01: https://bonds.finam.ru/issue/details03FF3/default.asp
2025-04-30 13:37:16,952 - INFO - Обработана облигация: ПАТРИОТ ГРУПП-001Р-01
2025-04-30 13:37:16,952 - INFO - Сформирована ссылка для облигации О’КЕЙ-001Р-07: https://bonds.finam.ru/issue/details03FC4/default.asp
2025-04-30 13:37:16,953 - INFO - Обработана облигация: О’КЕЙ-001Р-07
2025-04-30 13:37:16,953 - INFO - Сформирована ссылка для облигации МФК Быстроденьги-002P-08: https://bonds.finam.ru/issue/details0400D/default.asp
2025-04-30 13:37:16,953 - INFO - Обработана облигация: МФК Быстроденьги-002P-08
2025-04-30 13:37:16,953 - INFO - Сформирована ссылка для облигации Михайловский Молочный Завод-001P-02: https://bonds.finam.ru/issue/details03FFB/default.asp
2025-04-30 13:37:16,954 - INFO - Обработана облигация: Михайловский Молочный Завод-001P-02
2025-04-30 13:37:16,954 - INFO - Сформирована ссылка для облигации Воксис-001Р-02: https://bonds.finam.ru/issue/details03FF4/default.asp
2025-04-30 13:37:16,954 - INFO - Обработана облигация: Воксис-001Р-02
2025-04-30 13:37:16,954 - INFO - Сформирована ссылка для облигации ДЛ Цивилизация-01: https://bonds.finam.ru/issue/details04002/default.asp
2025-04-30 13:37:16,955 - INFO - Обработана облигация: ДЛ Цивилизация-01
2025-04-30 13:37:16,955 - INFO - Сформирована ссылка для облигации Нафтатранс плюс-БО-07: https://bonds.finam.ru/issue/details03F93/default.asp
2025-04-30 13:37:16,955 - INFO - Обработана облигация: Нафтатранс плюс-БО-07
2025-04-30 13:37:16,955 - INFO - Сформирована ссылка для облигации МТС-002Р-07: https://bonds.finam.ru/issue/details03FCF/default.asp
2025-04-30 13:37:16,955 - INFO - Обработана облигация: МТС-002Р-07
2025-04-30 13:37:16,956 - INFO - Сформирована ссылка для облигации ЭР-Телеком Холдинг-ПБО-02-09: https://bonds.finam.ru/issue/details03FB4/default.asp
2025-04-30 13:37:16,956 - INFO - Обработана облигация: ЭР-Телеком Холдинг-ПБО-02-09
2025-04-30 13:37:16,957 - INFO - Сформирована ссылка для облигации РЖД-001P-40R: https://bonds.finam.ru/issue/details03FD1/default.asp
2025-04-30 13:37:16,957 - INFO - Обработана облигация: РЖД-001P-40R
2025-04-30 13:37:16,957 - INFO - На странице 1 найдено 30 облигаций
2025-04-30 13:37:16,958 - INFO - Обработана страница 1, найдено 30 облигаций
2025-04-30 13:37:16,958 - INFO - Начало сбора данных со страницы 2
2025-04-30 13:37:28,368 - INFO - Загрузка страницы 2
2025-04-30 13:37:33,408 - INFO - Найдено таблиц на странице: 12
2025-04-30 13:37:33,408 - INFO - Таблица 1 заголовки: []
2025-04-30 13:37:33,408 - INFO - Таблица 2 заголовки: ['№', 'Выпуск', 'СтатусПлан--Решен--РегистрОбрПогПриостРестрАннулОтменДефолт', 'Размещение', 'Погашение', 'Объем\xa0(млн)', 'ВалютаRUR~RURUSDEURDMITLGBPCHFJPYSGDCNYAUDTRYCZK', 'Дата выплаты']
2025-04-30 13:37:33,409 - INFO - Найдена таблица с облигациями (таблица 2)
2025-04-30 13:37:33,409 - INFO - Сформирована ссылка для облигации Статус:в обращенииРазмещениеот:1 Янв 2025Купонот10%до100%Погашение:от:30 Апр 2027Валюта:RURНайдено выпусков: 97Сбросить параметры поиска: https://bonds.finam.ru/issue/info/default.asp
2025-04-30 13:37:33,409 - WARNING - Не удалось распарсить даты для облигации Статус:в обращенииРазмещениеот:1 Янв 2025Купонот10%до100%Погашение:от:30 Апр 2027Валюта:RURНайдено выпусков: 97Сбросить параметры поиска: time data '' does not match format '%d.%m.%Y'
2025-04-30 13:37:33,410 - WARNING - Не найдена ссылка для облигации 
2025-04-30 13:37:33,410 - WARNING - Не удалось распарсить даты для облигации : time data '' does not match format '%d.%m.%Y'
2025-04-30 13:37:33,410 - WARNING - Не найдена ссылка для облигации 
2025-04-30 13:37:33,411 - WARNING - Не удалось распарсить даты для облигации : time data 'Статус:в обращенииРазмещениеот:1\xa0Янв\xa02025Купонот10%до100%Погашение:от:30\xa0Апр\xa02027Валюта:RUR' does not match format '%d.%m.%Y'
2025-04-30 13:37:33,411 - INFO - Сформирована ссылка для облигации РЖД-001P-39R: https://bonds.finam.ru/issue/details03FD0/default.asp
2025-04-30 13:37:33,411 - INFO - Обработана облигация: РЖД-001P-39R
2025-04-30 13:37:33,412 - INFO - Сформирована ссылка для облигации Кокс-001P-02: https://bonds.finam.ru/issue/details03FB1/default.asp
2025-04-30 13:37:33,412 - INFO - Обработана облигация: Кокс-001P-02
2025-04-30 13:37:33,412 - INFO - Сформирована ссылка для облигации ДельтаЛизинг-001P-02: https://bonds.finam.ru/issue/details03F92/default.asp
2025-04-30 13:37:33,413 - INFO - Обработана облигация: ДельтаЛизинг-001P-02
2025-04-30 13:37:33,413 - INFO - Сформирована ссылка для облигации ЭкономЛизинг-001Р-08: https://bonds.finam.ru/issue/details03F7C/default.asp
2025-04-30 13:37:33,413 - INFO - Обработана облигация: ЭкономЛизинг-001Р-08
2025-04-30 13:37:33,413 - INFO - Сформирована ссылка для облигации Группа ЛСР-001P-10: https://bonds.finam.ru/issue/details03F9E/default.asp
2025-04-30 13:37:33,414 - INFO - Обработана облигация: Группа ЛСР-001P-10
2025-04-30 13:37:33,414 - INFO - Сформирована ссылка для облигации АФК Система-002Р-01: https://bonds.finam.ru/issue/details03FA6/default.asp
2025-04-30 13:37:33,414 - INFO - Обработана облигация: АФК Система-002Р-01
2025-04-30 13:37:33,414 - INFO - Сформирована ссылка для облигации АПРИ-БО-002Р-09: https://bonds.finam.ru/issue/details03FDB/default.asp
2025-04-30 13:37:33,415 - INFO - Обработана облигация: АПРИ-БО-002Р-09
2025-04-30 13:37:33,415 - INFO - Сформирована ссылка для облигации Органик Парк-БО-П01: https://bonds.finam.ru/issue/details03F11/default.asp
2025-04-30 13:37:33,415 - INFO - Обработана облигация: Органик Парк-БО-П01
2025-04-30 13:37:33,416 - INFO - Сформирована ссылка для облигации ИКС 5 ФИНАНС-003Р-10: https://bonds.finam.ru/issue/details03F66/default.asp
2025-04-30 13:37:33,416 - INFO - Обработана облигация: ИКС 5 ФИНАНС-003Р-10
2025-04-30 13:37:33,416 - INFO - Сформирована ссылка для облигации Балтийский лизинг-БО-П15: https://bonds.finam.ru/issue/details03F76/default.asp
2025-04-30 13:37:33,416 - INFO - Обработана облигация: Балтийский лизинг-БО-П15
2025-04-30 13:37:33,417 - INFO - Сформирована ссылка для облигации КЛВЗ КРИСТАЛЛ-001Р-02: https://bonds.finam.ru/issue/details03F8A/default.asp
2025-04-30 13:37:33,417 - INFO - Обработана облигация: КЛВЗ КРИСТАЛЛ-001Р-02
2025-04-30 13:37:33,417 - INFO - Сформирована ссылка для облигации РЖД-001P-38R: https://bonds.finam.ru/issue/details03FA1/default.asp
2025-04-30 13:37:33,418 - INFO - Обработана облигация: РЖД-001P-38R
2025-04-30 13:37:33,418 - INFO - Сформирована ссылка для облигации РЖД-001P-37R: https://bonds.finam.ru/issue/details03FB0/default.asp
2025-04-30 13:37:33,418 - INFO - Обработана облигация: РЖД-001P-37R
2025-04-30 13:37:33,418 - INFO - Сформирована ссылка для облигации МФК Мани Мен-БО-01: https://bonds.finam.ru/issue/details03DEC/default.asp
2025-04-30 13:37:33,419 - INFO - Обработана облигация: МФК Мани Мен-БО-01
2025-04-30 13:37:33,419 - INFO - Сформирована ссылка для облигации Уралкалий-ПБО-07-P: https://bonds.finam.ru/issue/details03F9B/default.asp
2025-04-30 13:37:33,419 - INFO - Обработана облигация: Уралкалий-ПБО-07-P
2025-04-30 13:37:33,419 - INFO - Сформирована ссылка для облигации СФО СОВКОМ СЕКЬЮР-А: https://bonds.finam.ru/issue/details03E91/default.asp
2025-04-30 13:37:33,420 - INFO - Обработана облигация: СФО СОВКОМ СЕКЬЮР-А
2025-04-30 13:37:33,420 - INFO - Сформирована ссылка для облигации Северсталь-001Р-01: https://bonds.finam.ru/issue/details03E37/default.asp
2025-04-30 13:37:33,420 - INFO - Обработана облигация: Северсталь-001Р-01
2025-04-30 13:37:33,420 - INFO - Сформирована ссылка для облигации А Спэйс-001P-02: https://bonds.finam.ru/issue/details03F24/default.asp
2025-04-30 13:37:33,421 - INFO - Обработана облигация: А Спэйс-001P-02
2025-04-30 13:37:33,421 - INFO - Сформирована ссылка для облигации ХРОМОС Инжиниринг-БО-03: https://bonds.finam.ru/issue/details03EB0/default.asp
2025-04-30 13:37:33,421 - INFO - Обработана облигация: ХРОМОС Инжиниринг-БО-03
2025-04-30 13:37:33,421 - INFO - Сформирована ссылка для облигации МТС-001Р-28: https://bonds.finam.ru/issue/details03F6B/default.asp
2025-04-30 13:37:33,421 - INFO - Обработана облигация: МТС-001Р-28
2025-04-30 13:37:33,422 - INFO - Сформирована ссылка для облигации РЕСО-Лизинг-БО-П-16: https://bonds.finam.ru/issue/details02EFA/default.asp
2025-04-30 13:37:33,422 - INFO - Обработана облигация: РЕСО-Лизинг-БО-П-16
2025-04-30 13:37:33,422 - INFO - Сформирована ссылка для облигации АПРИ-БО-002Р-07: https://bonds.finam.ru/issue/details03E4C/default.asp
2025-04-30 13:37:33,422 - INFO - Обработана облигация: АПРИ-БО-002Р-07
2025-04-30 13:37:33,423 - INFO - Сформирована ссылка для облигации РЖД-001P-36R: https://bonds.finam.ru/issue/details03F75/default.asp
2025-04-30 13:37:33,423 - INFO - Обработана облигация: РЖД-001P-36R
2025-04-30 13:37:33,423 - INFO - Сформирована ссылка для облигации ЕвроТранс-БО-001Р-06: https://bonds.finam.ru/issue/details03F27/default.asp
2025-04-30 13:37:33,423 - INFO - Обработана облигация: ЕвроТранс-БО-001Р-06
2025-04-30 13:37:33,423 - INFO - Сформирована ссылка для облигации МГКЛ-001Р-07: https://bonds.finam.ru/issue/details03F49/default.asp
2025-04-30 13:37:33,424 - INFO - Обработана облигация: МГКЛ-001Р-07
2025-04-30 13:37:33,424 - INFO - Сформирована ссылка для облигации Биннофарм Групп-001Р-04: https://bonds.finam.ru/issue/details03F2E/default.asp
2025-04-30 13:37:33,424 - INFO - Обработана облигация: Биннофарм Групп-001Р-04
2025-04-30 13:37:33,424 - INFO - Сформирована ссылка для облигации РЖД-001P-35R: https://bonds.finam.ru/issue/details03F3F/default.asp
2025-04-30 13:37:33,424 - INFO - Обработана облигация: РЖД-001P-35R
2025-04-30 13:37:33,425 - INFO - Сформирована ссылка для облигации РЖД-001P-34R: https://bonds.finam.ru/issue/details03F40/default.asp
2025-04-30 13:37:33,425 - INFO - Обработана облигация: РЖД-001P-34R
2025-04-30 13:37:33,425 - INFO - Сформирована ссылка для облигации ЛАНДСКЕЙП КОНСТРАКШН ХАБ-БО-02: https://bonds.finam.ru/issue/details03F08/default.asp
2025-04-30 13:37:33,425 - INFO - Обработана облигация: ЛАНДСКЕЙП КОНСТРАКШН ХАБ-БО-02
2025-04-30 13:37:33,426 - INFO - Сформирована ссылка для облигации Европлан-001Р-09: https://bonds.finam.ru/issue/details03F23/default.asp
2025-04-30 13:37:33,426 - INFO - Обработана облигация: Европлан-001Р-09
2025-04-30 13:37:33,426 - INFO - На странице 2 найдено 30 облигаций
2025-04-30 13:37:33,426 - INFO - Обработана страница 2, найдено 30 облигаций
2025-04-30 13:37:33,426 - INFO - Начало сбора данных со страницы 3
2025-04-30 13:37:36,285 - INFO - Загрузка страницы 3
2025-04-30 13:37:41,316 - INFO - Найдено таблиц на странице: 12
2025-04-30 13:37:41,317 - INFO - Таблица 1 заголовки: []
2025-04-30 13:37:41,317 - INFO - Таблица 2 заголовки: ['№', 'Выпуск', 'СтатусПлан--Решен--РегистрОбрПогПриостРестрАннулОтменДефолт', 'Размещение', 'Погашение', 'Объем\xa0(млн)', 'ВалютаRUR~RURUSDEURDMITLGBPCHFJPYSGDCNYAUDTRYCZK', 'Дата выплаты']
2025-04-30 13:37:41,317 - INFO - Найдена таблица с облигациями (таблица 2)
2025-04-30 13:37:41,318 - INFO - Сформирована ссылка для облигации Статус:в обращенииРазмещениеот:1 Янв 2025Купонот10%до100%Погашение:от:30 Апр 2027Валюта:RURНайдено выпусков: 97Сбросить параметры поиска: https://bonds.finam.ru/issue/info/default.asp
2025-04-30 13:37:41,318 - WARNING - Не удалось распарсить даты для облигации Статус:в обращенииРазмещениеот:1 Янв 2025Купонот10%до100%Погашение:от:30 Апр 2027Валюта:RURНайдено выпусков: 97Сбросить параметры поиска: time data '' does not match format '%d.%m.%Y'
2025-04-30 13:37:41,319 - WARNING - Не найдена ссылка для облигации 
2025-04-30 13:37:41,319 - WARNING - Не удалось распарсить даты для облигации : time data '' does not match format '%d.%m.%Y'
2025-04-30 13:37:41,319 - WARNING - Не найдена ссылка для облигации 
2025-04-30 13:37:41,320 - WARNING - Не удалось распарсить даты для облигации : time data 'Статус:в обращенииРазмещениеот:1\xa0Янв\xa02025Купонот10%до100%Погашение:от:30\xa0Апр\xa02027Валюта:RUR' does not match format '%d.%m.%Y'
2025-04-30 13:37:41,320 - INFO - Сформирована ссылка для облигации ТГК-14-001Р-05: https://bonds.finam.ru/issue/details03F18/default.asp
2025-04-30 13:37:41,320 - INFO - Обработана облигация: ТГК-14-001Р-05
2025-04-30 13:37:41,320 - INFO - Сформирована ссылка для облигации РДВ Технолоджи-001Р-01: https://bonds.finam.ru/issue/details03F0B/default.asp
2025-04-30 13:37:41,321 - INFO - Обработана облигация: РДВ Технолоджи-001Р-01
2025-04-30 13:37:41,321 - INFO - Сформирована ссылка для облигации ИКС 5 ФИНАНС-003Р-08: https://bonds.finam.ru/issue/details03F2F/default.asp
2025-04-30 13:37:41,321 - INFO - Обработана облигация: ИКС 5 ФИНАНС-003Р-08
2025-04-30 13:37:41,321 - INFO - Сформирована ссылка для облигации БЭЛТИ-ГРАНД-БО-П07: https://bonds.finam.ru/issue/details03D88/default.asp
2025-04-30 13:37:41,322 - INFO - Обработана облигация: БЭЛТИ-ГРАНД-БО-П07
2025-04-30 13:37:41,322 - INFO - Сформирована ссылка для облигации НФК-Структурные инвестиции-001П-04: https://bonds.finam.ru/issue/details03EF9/default.asp
2025-04-30 13:37:41,322 - INFO - Обработана облигация: НФК-Структурные инвестиции-001П-04
2025-04-30 13:37:41,322 - INFO - Сформирована ссылка для облигации ЛАНДСКЕЙП КОНСТРАКШН ХАБ-БО-01: https://bonds.finam.ru/issue/details03F07/default.asp
2025-04-30 13:37:41,323 - INFO - Обработана облигация: ЛАНДСКЕЙП КОНСТРАКШН ХАБ-БО-01
2025-04-30 13:37:41,323 - INFO - Сформирована ссылка для облигации ТК Магнум Ойл-БО-01: https://bonds.finam.ru/issue/details03EEC/default.asp
2025-04-30 13:37:41,323 - INFO - Обработана облигация: ТК Магнум Ойл-БО-01
2025-04-30 13:37:41,324 - INFO - На странице 3 найдено 7 облигаций
2025-04-30 13:37:41,324 - INFO - Обработана страница 3, найдено 7 облигаций
2025-04-30 13:37:41,324 - INFO - Начало сбора данных со страницы 4
2025-04-30 13:37:45,418 - INFO - Загрузка страницы 4
2025-04-30 13:37:50,450 - INFO - Найдено таблиц на странице: 12
2025-04-30 13:37:50,451 - INFO - Таблица 1 заголовки: []
2025-04-30 13:37:50,451 - INFO - Таблица 2 заголовки: ['№', 'Выпуск', 'СтатусПлан--Решен--РегистрОбрПогПриостРестрАннулОтменДефолт', 'Размещение', 'Погашение', 'Объем\xa0(млн)', 'ВалютаRUR~RURUSDEURDMITLGBPCHFJPYSGDCNYAUDTRYCZK', 'Дата выплаты']
2025-04-30 13:37:50,451 - INFO - Найдена таблица с облигациями (таблица 2)
2025-04-30 13:37:50,452 - INFO - Сформирована ссылка для облигации Статус:в обращенииРазмещениеот:1 Янв 2025Купонот10%до100%Погашение:от:30 Апр 2027Валюта:RURНайдено выпусков: 97Сбросить параметры поиска: https://bonds.finam.ru/issue/info/default.asp
2025-04-30 13:37:50,452 - WARNING - Не удалось распарсить даты для облигации Статус:в обращенииРазмещениеот:1 Янв 2025Купонот10%до100%Погашение:от:30 Апр 2027Валюта:RURНайдено выпусков: 97Сбросить параметры поиска: time data '' does not match format '%d.%m.%Y'
2025-04-30 13:37:50,452 - WARNING - Не найдена ссылка для облигации 
2025-04-30 13:37:50,453 - WARNING - Не удалось распарсить даты для облигации : time data '' does not match format '%d.%m.%Y'
2025-04-30 13:37:50,453 - WARNING - Не найдена ссылка для облигации 
2025-04-30 13:37:50,453 - WARNING - Не удалось распарсить даты для облигации : time data 'Статус:в обращенииРазмещениеот:1\xa0Янв\xa02025Купонот10%до100%Погашение:от:30\xa0Апр\xa02027Валюта:RUR' does not match format '%d.%m.%Y'
2025-04-30 13:37:50,454 - INFO - На странице 4 найдено 0 облигаций
2025-04-30 13:37:50,454 - INFO - Достигнут конец списка облигаций на странице 4
2025-04-30 13:37:50,457 - INFO - Данные сохранены в файл ./output\bonds_data.csv
2025-04-30 13:37:50,457 - INFO - Всего обработано 97 облигаций
2025-04-30 13:37:52,631 - INFO - Работа скрипта завершена
